# JRE version: OpenJDK Runtime Environment (8.0_242-b01) (build 1.8.0_242-release-1644-b01)
# Java VM: OpenJDK 64-Bit Server VM (25.242-b01 mixed mode windows-amd64 compressed oops)
Heap:
 PSYoungGen      total 108544K, used 5489K [0x00000000eab00000, 0x00000000f2200000, 0x0000000100000000)
  eden space 96256K, 5% used [0x00000000eab00000,0x00000000eb05c770,0x00000000f0900000)
  from space 12288K, 0% used [0x00000000f0a00000,0x00000000f0a00000,0x00000000f1600000)
  to   space 9728K, 0% used [0x00000000f1880000,0x00000000f1880000,0x00000000f2200000)
 ParOldGen       total 61952K, used 14259K [0x00000000c0000000, 0x00000000c3c80000, 0x00000000eab00000)
  object space 61952K, 23% used [0x00000000c0000000,0x00000000c0decee0,0x00000000c3c80000)
 Metaspace       used 34432K, capacity 35600K, committed 35752K, reserved 1079296K
  class space    used 4739K, capacity 5005K, committed 5040K, reserved 1048576K
GC Heap History (10 events):
Event: 3.082 GC heap before
{Heap before GC invocations=7 (full 1):
 PSYoungGen      total 76288K, used 8504K [0x00000000eab00000, 0x00000000f0100000, 0x0000000100000000)
  eden space 66048K, 0% used [0x00000000eab00000,0x00000000eab00000,0x00000000eeb80000)
  from space 10240K, 83% used [0x00000000ef600000,0x00000000efe4e388,0x00000000f0000000)
  to   space 10752K, 0% used [0x00000000eeb80000,0x00000000eeb80000,0x00000000ef600000)
 ParOldGen       total 87552K, used 6903K [0x00000000c0000000, 0x00000000c5580000, 0x00000000eab00000)
  object space 87552K, 7% used [0x00000000c0000000,0x00000000c06bdec8,0x00000000c5580000)
 Metaspace       used 20544K, capacity 21208K, committed 21296K, reserved 1067008K
  class space    used 2871K, capacity 3076K, committed 3120K, reserved 1048576K
Event: 3.125 GC heap after
Heap after GC invocations=7 (full 1):
 PSYoungGen      total 76288K, used 0K [0x00000000eab00000, 0x00000000f0100000, 0x0000000100000000)
  eden space 66048K, 0% used [0x00000000eab00000,0x00000000eab00000,0x00000000eeb80000)
  from space 10240K, 0% used [0x00000000ef600000,0x00000000ef600000,0x00000000f0000000)
  to   space 10752K, 0% used [0x00000000eeb80000,0x00000000eeb80000,0x00000000ef600000)
 ParOldGen       total 61952K, used 9080K [0x00000000c0000000, 0x00000000c3c80000, 0x00000000eab00000)
  object space 61952K, 14% used [0x00000000c0000000,0x00000000c08de1b0,0x00000000c3c80000)
 Metaspace       used 20544K, capacity 21208K, committed 21296K, reserved 1067008K
  class space    used 2871K, capacity 3076K, committed 3120K, reserved 1048576K
}
Event: 4.942 GC heap before
{Heap before GC invocations=8 (full 1):
 PSYoungGen      total 76288K, used 66048K [0x00000000eab00000, 0x00000000f0100000, 0x0000000100000000)
  eden space 66048K, 100% used [0x00000000eab00000,0x00000000eeb80000,0x00000000eeb80000)
  from space 10240K, 0% used [0x00000000ef600000,0x00000000ef600000,0x00000000f0000000)
  to   space 10752K, 0% used [0x00000000eeb80000,0x00000000eeb80000,0x00000000ef600000)
 ParOldGen       total 61952K, used 9080K [0x00000000c0000000, 0x00000000c3c80000, 0x00000000eab00000)
  object space 61952K, 14% used [0x00000000c0000000,0x00000000c08de1b0,0x00000000c3c80000)
 Metaspace       used 28918K, capacity 29780K, committed 29872K, reserved 1075200K
  class space    used 4005K, capacity 4261K, committed 4272K, reserved 1048576K
Event: 4.957 GC heap after
Heap after GC invocations=8 (full 1):
 PSYoungGen      total 76800K, used 8735K [0x00000000eab00000, 0x00000000f2400000, 0x0000000100000000)
  eden space 66048K, 0% used [0x00000000eab00000,0x00000000eab00000,0x00000000eeb80000)
  from space 10752K, 81% used [0x00000000eeb80000,0x00000000ef407c90,0x00000000ef600000)
  to   space 11776K, 0% used [0x00000000f1880000,0x00000000f1880000,0x00000000f2400000)
 ParOldGen       total 61952K, used 9088K [0x00000000c0000000, 0x00000000c3c80000, 0x00000000eab00000)
  object space 61952K, 14% used [0x00000000c0000000,0x00000000c08e01b0,0x00000000c3c80000)
 Metaspace       used 28918K, capacity 29780K, committed 29872K, reserved 1075200K
  class space    used 4005K, capacity 4261K, committed 4272K, reserved 1048576K
}
Event: 10.621 GC heap before
{Heap before GC invocations=9 (full 1):
 PSYoungGen      total 76800K, used 74783K [0x00000000eab00000, 0x00000000f2400000, 0x0000000100000000)
  eden space 66048K, 100% used [0x00000000eab00000,0x00000000eeb80000,0x00000000eeb80000)
  from space 10752K, 81% used [0x00000000eeb80000,0x00000000ef407c90,0x00000000ef600000)
  to   space 11776K, 0% used [0x00000000f1880000,0x00000000f1880000,0x00000000f2400000)
 ParOldGen       total 61952K, used 9088K [0x00000000c0000000, 0x00000000c3c80000, 0x00000000eab00000)
  object space 61952K, 14% used [0x00000000c0000000,0x00000000c08e01b0,0x00000000c3c80000)
 Metaspace       used 33091K, capacity 34228K, committed 34608K, reserved 1079296K
  class space    used 4523K, capacity 4791K, committed 4912K, reserved 1048576K
Event: 10.637 GC heap after
Heap after GC invocations=9 (full 1):
 PSYoungGen      total 105984K, used 9342K [0x00000000eab00000, 0x00000000f2200000, 0x0000000100000000)
  eden space 96256K, 0% used [0x00000000eab00000,0x00000000eab00000,0x00000000f0900000)
  from space 9728K, 96% used [0x00000000f1880000,0x00000000f219f868,0x00000000f2200000)
  to   space 12288K, 0% used [0x00000000f0a00000,0x00000000f0a00000,0x00000000f1600000)
 ParOldGen       total 61952K, used 9096K [0x00000000c0000000, 0x00000000c3c80000, 0x00000000eab00000)
  object space 61952K, 14% used [0x00000000c0000000,0x00000000c08e21b0,0x00000000c3c80000)
 Metaspace       used 33091K, capacity 34228K, committed 34608K, reserved 1079296K
  class space    used 4523K, capacity 4791K, committed 4912K, reserved 1048576K
}
Event: 13.820 GC heap before
{Heap before GC invocations=10 (full 1):
 PSYoungGen      total 105984K, used 34297K [0x00000000eab00000, 0x00000000f2200000, 0x0000000100000000)
  eden space 96256K, 25% used [0x00000000eab00000,0x00000000ec35ef88,0x00000000f0900000)
  from space 9728K, 96% used [0x00000000f1880000,0x00000000f219f868,0x00000000f2200000)
  to   space 12288K, 0% used [0x00000000f0a00000,0x00000000f0a00000,0x00000000f1600000)
 ParOldGen       total 61952K, used 9096K [0x00000000c0000000, 0x00000000c3c80000, 0x00000000eab00000)
  object space 61952K, 14% used [0x00000000c0000000,0x00000000c08e21b0,0x00000000c3c80000)
 Metaspace       used 34241K, capacity 35396K, committed 35496K, reserved 1079296K
  class space    used 4711K, capacity 5001K, committed 5040K, reserved 1048576K
Event: 14.086 GC heap after
Heap after GC invocations=10 (full 1):
 PSYoungGen      total 108544K, used 7843K [0x00000000eab00000, 0x00000000f2200000, 0x0000000100000000)
  eden space 96256K, 0% used [0x00000000eab00000,0x00000000eab00000,0x00000000f0900000)
  from space 12288K, 63% used [0x00000000f0a00000,0x00000000f11a8c08,0x00000000f1600000)
  to   space 9728K, 0% used [0x00000000f1880000,0x00000000f1880000,0x00000000f2200000)
 ParOldGen       total 61952K, used 9104K [0x00000000c0000000, 0x00000000c3c80000, 0x00000000eab00000)
  object space 61952K, 14% used [0x00000000c0000000,0x00000000c08e41b0,0x00000000c3c80000)
 Metaspace       used 34241K, capacity 35396K, committed 35496K, reserved 1079296K
  class space    used 4711K, capacity 5001K, committed 5040K, reserved 1048576K
}
Event: 14.086 GC heap before
{Heap before GC invocations=11 (full 2):
 PSYoungGen      total 108544K, used 7843K [0x00000000eab00000, 0x00000000f2200000, 0x0000000100000000)
  eden space 96256K, 0% used [0x00000000eab00000,0x00000000eab00000,0x00000000f0900000)
  from space 12288K, 63% used [0x00000000f0a00000,0x00000000f11a8c08,0x00000000f1600000)
  to   space 9728K, 0% used [0x00000000f1880000,0x00000000f1880000,0x00000000f2200000)
 ParOldGen       total 61952K, used 9104K [0x00000000c0000000, 0x00000000c3c80000, 0x00000000eab00000)
  object space 61952K, 14% used [0x00000000c0000000,0x00000000c08e41b0,0x00000000c3c80000)
 Metaspace       used 34241K, capacity 35396K, committed 35496K, reserved 1079296K
  class space    used 4711K, capacity 5001K, committed 5040K, reserved 1048576K
Event: 14.191 GC heap after
Heap after GC invocations=11 (full 2):
 PSYoungGen      total 108544K, used 0K [0x00000000eab00000, 0x00000000f2200000, 0x0000000100000000)
  eden space 96256K, 0% used [0x00000000eab00000,0x00000000eab00000,0x00000000f0900000)
  from space 12288K, 0% used [0x00000000f0a00000,0x00000000f0a00000,0x00000000f1600000)
  to   space 9728K, 0% used [0x00000000f1880000,0x00000000f1880000,0x00000000f2200000)
 ParOldGen       total 61952K, used 14259K [0x00000000c0000000, 0x00000000c3c80000, 0x00000000eab00000)
  object space 61952K, 23% used [0x00000000c0000000,0x00000000c0decee0,0x00000000c3c80000)
 Metaspace       used 34241K, capacity 35396K, committed 35496K, reserved 1079296K
  class space    used 4711K, capacity 5001K, committed 5040K, reserved 1048576K
}

