# JRE version: OpenJDK Runtime Environment (8.0_242-b01) (build 1.8.0_242-release-1644-b01)
# Java VM: OpenJDK 64-Bit Server VM (25.242-b01 mixed mode windows-amd64 compressed oops)
Heap:
 PSYoungGen      total 328192K, used 81588K [0x00000000eab00000, 0x0000000100000000, 0x0000000100000000)
  eden space 307200K, 26% used [0x00000000eab00000,0x00000000efaad128,0x00000000fd700000)
  from space 20992K, 0% used [0x00000000fd700000,0x00000000fd700000,0x00000000feb80000)
  to   space 20992K, 0% used [0x00000000feb80000,0x00000000feb80000,0x0000000100000000)
 ParOldGen       total 133632K, used 35375K [0x00000000c0000000, 0x00000000c8280000, 0x00000000eab00000)
  object space 133632K, 26% used [0x00000000c0000000,0x00000000c228bd48,0x00000000c8280000)
 Metaspace       used 62128K, capacity 64758K, committed 65048K, reserved 1107968K
  class space    used 8637K, capacity 9152K, committed 9264K, reserved 1048576K
GC Heap History (10 events):
Event: 7.082 GC heap before
{Heap before GC invocations=8 (full 1):
 PSYoungGen      total 234496K, used 44971K [0x00000000eab00000, 0x00000000fc900000, 0x0000000100000000)
  eden space 221184K, 14% used [0x00000000eab00000,0x00000000ec9eb2e0,0x00000000f8300000)
  from space 13312K, 99% used [0x00000000fbc00000,0x00000000fc8ff938,0x00000000fc900000)
  to   space 16384K, 0% used [0x00000000fa900000,0x00000000fa900000,0x00000000fb900000)
 ParOldGen       total 57856K, used 7966K [0x00000000c0000000, 0x00000000c3880000, 0x00000000eab00000)
  object space 57856K, 13% used [0x00000000c0000000,0x00000000c07c7b50,0x00000000c3880000)
 Metaspace       used 34355K, capacity 35420K, committed 35496K, reserved 1079296K
  class space    used 4726K, capacity 5003K, committed 5040K, reserved 1048576K
Event: 7.107 GC heap after
Heap after GC invocations=8 (full 1):
 PSYoungGen      total 276480K, used 8077K [0x00000000eab00000, 0x0000000100000000, 0x0000000100000000)
  eden space 260096K, 0% used [0x00000000eab00000,0x00000000eab00000,0x00000000fa900000)
  from space 16384K, 49% used [0x00000000fa900000,0x00000000fb0e37e0,0x00000000fb900000)
  to   space 15360K, 0% used [0x00000000ff100000,0x00000000ff100000,0x0000000100000000)
 ParOldGen       total 57856K, used 7974K [0x00000000c0000000, 0x00000000c3880000, 0x00000000eab00000)
  object space 57856K, 13% used [0x00000000c0000000,0x00000000c07c9b50,0x00000000c3880000)
 Metaspace       used 34355K, capacity 35420K, committed 35496K, reserved 1079296K
  class space    used 4726K, capacity 5003K, committed 5040K, reserved 1048576K
}
Event: 7.107 GC heap before
{Heap before GC invocations=9 (full 2):
 PSYoungGen      total 276480K, used 8077K [0x00000000eab00000, 0x0000000100000000, 0x0000000100000000)
  eden space 260096K, 0% used [0x00000000eab00000,0x00000000eab00000,0x00000000fa900000)
  from space 16384K, 49% used [0x00000000fa900000,0x00000000fb0e37e0,0x00000000fb900000)
  to   space 15360K, 0% used [0x00000000ff100000,0x00000000ff100000,0x0000000100000000)
 ParOldGen       total 57856K, used 7974K [0x00000000c0000000, 0x00000000c3880000, 0x00000000eab00000)
  object space 57856K, 13% used [0x00000000c0000000,0x00000000c07c9b50,0x00000000c3880000)
 Metaspace       used 34355K, capacity 35420K, committed 35496K, reserved 1079296K
  class space    used 4726K, capacity 5003K, committed 5040K, reserved 1048576K
Event: 7.260 GC heap after
Heap after GC invocations=9 (full 2):
 PSYoungGen      total 276480K, used 0K [0x00000000eab00000, 0x0000000100000000, 0x0000000100000000)
  eden space 260096K, 0% used [0x00000000eab00000,0x00000000eab00000,0x00000000fa900000)
  from space 16384K, 0% used [0x00000000fa900000,0x00000000fa900000,0x00000000fb900000)
  to   space 15360K, 0% used [0x00000000ff100000,0x00000000ff100000,0x0000000100000000)
 ParOldGen       total 87040K, used 14431K [0x00000000c0000000, 0x00000000c5500000, 0x00000000eab00000)
  object space 87040K, 16% used [0x00000000c0000000,0x00000000c0e17d48,0x00000000c5500000)
 Metaspace       used 34355K, capacity 35420K, committed 35496K, reserved 1079296K
  class space    used 4726K, capacity 5003K, committed 5040K, reserved 1048576K
}
Event: 10.146 GC heap before
{Heap before GC invocations=10 (full 2):
 PSYoungGen      total 276480K, used 260096K [0x00000000eab00000, 0x0000000100000000, 0x0000000100000000)
  eden space 260096K, 100% used [0x00000000eab00000,0x00000000fa900000,0x00000000fa900000)
  from space 16384K, 0% used [0x00000000fa900000,0x00000000fa900000,0x00000000fb900000)
  to   space 15360K, 0% used [0x00000000ff100000,0x00000000ff100000,0x0000000100000000)
 ParOldGen       total 87040K, used 14431K [0x00000000c0000000, 0x00000000c5500000, 0x00000000eab00000)
  object space 87040K, 16% used [0x00000000c0000000,0x00000000c0e17d48,0x00000000c5500000)
 Metaspace       used 48161K, capacity 49974K, committed 50216K, reserved 1093632K
  class space    used 6490K, capacity 6835K, committed 6960K, reserved 1048576K
Event: 10.182 GC heap after
Heap after GC invocations=10 (full 2):
 PSYoungGen      total 322560K, used 15344K [0x00000000eab00000, 0x0000000100000000, 0x0000000100000000)
  eden space 307200K, 0% used [0x00000000eab00000,0x00000000eab00000,0x00000000fd700000)
  from space 15360K, 99% used [0x00000000ff100000,0x00000000ffffc218,0x0000000100000000)
  to   space 20992K, 0% used [0x00000000fd700000,0x00000000fd700000,0x00000000feb80000)
 ParOldGen       total 87040K, used 21532K [0x00000000c0000000, 0x00000000c5500000, 0x00000000eab00000)
  object space 87040K, 24% used [0x00000000c0000000,0x00000000c1507350,0x00000000c5500000)
 Metaspace       used 48161K, capacity 49974K, committed 50216K, reserved 1093632K
  class space    used 6490K, capacity 6835K, committed 6960K, reserved 1048576K
}
Event: 13.512 GC heap before
{Heap before GC invocations=11 (full 2):
 PSYoungGen      total 322560K, used 125062K [0x00000000eab00000, 0x0000000100000000, 0x0000000100000000)
  eden space 307200K, 35% used [0x00000000eab00000,0x00000000f1625808,0x00000000fd700000)
  from space 15360K, 99% used [0x00000000ff100000,0x00000000ffffc218,0x0000000100000000)
  to   space 20992K, 0% used [0x00000000fd700000,0x00000000fd700000,0x00000000feb80000)
 ParOldGen       total 87040K, used 21532K [0x00000000c0000000, 0x00000000c5500000, 0x00000000eab00000)
  object space 87040K, 24% used [0x00000000c0000000,0x00000000c1507350,0x00000000c5500000)
 Metaspace       used 56576K, capacity 58982K, committed 59160K, reserved 1099776K
  class space    used 7741K, capacity 8216K, committed 8240K, reserved 1048576K
Event: 13.536 GC heap after
Heap after GC invocations=11 (full 2):
 PSYoungGen      total 328192K, used 20988K [0x00000000eab00000, 0x0000000100000000, 0x0000000100000000)
  eden space 307200K, 0% used [0x00000000eab00000,0x00000000eab00000,0x00000000fd700000)
  from space 20992K, 99% used [0x00000000fd700000,0x00000000feb7f158,0x00000000feb80000)
  to   space 20992K, 0% used [0x00000000feb80000,0x00000000feb80000,0x0000000100000000)
 ParOldGen       total 87040K, used 24122K [0x00000000c0000000, 0x00000000c5500000, 0x00000000eab00000)
  object space 87040K, 27% used [0x00000000c0000000,0x00000000c178eb80,0x00000000c5500000)
 Metaspace       used 56576K, capacity 58982K, committed 59160K, reserved 1099776K
  class space    used 7741K, capacity 8216K, committed 8240K, reserved 1048576K
}
Event: 13.536 GC heap before
{Heap before GC invocations=12 (full 3):
 PSYoungGen      total 328192K, used 20988K [0x00000000eab00000, 0x0000000100000000, 0x0000000100000000)
  eden space 307200K, 0% used [0x00000000eab00000,0x00000000eab00000,0x00000000fd700000)
  from space 20992K, 99% used [0x00000000fd700000,0x00000000feb7f158,0x00000000feb80000)
  to   space 20992K, 0% used [0x00000000feb80000,0x00000000feb80000,0x0000000100000000)
 ParOldGen       total 87040K, used 24122K [0x00000000c0000000, 0x00000000c5500000, 0x00000000eab00000)
  object space 87040K, 27% used [0x00000000c0000000,0x00000000c178eb80,0x00000000c5500000)
 Metaspace       used 56576K, capacity 58982K, committed 59160K, reserved 1099776K
  class space    used 7741K, capacity 8216K, committed 8240K, reserved 1048576K
Event: 13.837 GC heap after
Heap after GC invocations=12 (full 3):
 PSYoungGen      total 328192K, used 0K [0x00000000eab00000, 0x0000000100000000, 0x0000000100000000)
  eden space 307200K, 0% used [0x00000000eab00000,0x00000000eab00000,0x00000000fd700000)
  from space 20992K, 0% used [0x00000000fd700000,0x00000000fd700000,0x00000000feb80000)
  to   space 20992K, 0% used [0x00000000feb80000,0x00000000feb80000,0x0000000100000000)
 ParOldGen       total 133632K, used 35375K [0x00000000c0000000, 0x00000000c8280000, 0x00000000eab00000)
  object space 133632K, 26% used [0x00000000c0000000,0x00000000c228bd48,0x00000000c8280000)
 Metaspace       used 56535K, capacity 58844K, committed 59160K, reserved 1099776K
  class space    used 7729K, capacity 8193K, committed 8240K, reserved 1048576K
}

