# JRE version: OpenJDK Runtime Environment (8.0_242-b01) (build 1.8.0_242-release-1644-b01)
# Java VM: OpenJDK 64-Bit Server VM (25.242-b01 mixed mode windows-amd64 compressed oops)
Heap:
 PSYoungGen      total 200192K, used 130846K [0x00000000eab00000, 0x00000000fb200000, 0x0000000100000000)
  eden space 167936K, 58% used [0x00000000eab00000,0x00000000f0b4be68,0x00000000f4f00000)
  from space 32256K, 99% used [0x00000000f4f00000,0x00000000f6e7bb98,0x00000000f6e80000)
  to   space 40448K, 0% used [0x00000000f8a80000,0x00000000f8a80000,0x00000000fb200000)
 ParOldGen       total 150528K, used 49149K [0x00000000c0000000, 0x00000000c9300000, 0x00000000eab00000)
  object space 150528K, 32% used [0x00000000c0000000,0x00000000c2fff5d0,0x00000000c9300000)
 Metaspace       used 81758K, capacity 85620K, committed 85848K, reserved 1124352K
  class space    used 10786K, capacity 11524K, committed 11648K, reserved 1048576K
GC Heap History (10 events):
Event: 2545.848 GC heap before
{Heap before GC invocations=16 (full 3):
 PSYoungGen      total 172544K, used 155136K [0x00000000eab00000, 0x00000000f7880000, 0x0000000100000000)
  eden space 155136K, 100% used [0x00000000eab00000,0x00000000f4280000,0x00000000f4280000)
  from space 17408K, 0% used [0x00000000f5800000,0x00000000f5800000,0x00000000f6900000)
  to   space 22016K, 0% used [0x00000000f4280000,0x00000000f4280000,0x00000000f5800000)
 ParOldGen       total 150528K, used 37984K [0x00000000c0000000, 0x00000000c9300000, 0x00000000eab00000)
  object space 150528K, 25% used [0x00000000c0000000,0x00000000c25180c0,0x00000000c9300000)
 Metaspace       used 64834K, capacity 67368K, committed 67544K, reserved 1107968K
  class space    used 8683K, capacity 9215K, committed 9216K, reserved 1048576K
Event: 2545.891 GC heap after
Heap after GC invocations=16 (full 3):
 PSYoungGen      total 164864K, used 14068K [0x00000000eab00000, 0x00000000f6900000, 0x0000000100000000)
  eden space 150528K, 0% used [0x00000000eab00000,0x00000000eab00000,0x00000000f3e00000)
  from space 14336K, 98% used [0x00000000f4280000,0x00000000f503d200,0x00000000f5080000)
  to   space 22016K, 0% used [0x00000000f5380000,0x00000000f5380000,0x00000000f6900000)
 ParOldGen       total 150528K, used 37992K [0x00000000c0000000, 0x00000000c9300000, 0x00000000eab00000)
  object space 150528K, 25% used [0x00000000c0000000,0x00000000c251a0c0,0x00000000c9300000)
 Metaspace       used 64834K, capacity 67368K, committed 67544K, reserved 1107968K
  class space    used 8683K, capacity 9215K, committed 9216K, reserved 1048576K
}
Event: 2549.023 GC heap before
{Heap before GC invocations=17 (full 3):
 PSYoungGen      total 164864K, used 164596K [0x00000000eab00000, 0x00000000f6900000, 0x0000000100000000)
  eden space 150528K, 100% used [0x00000000eab00000,0x00000000f3e00000,0x00000000f3e00000)
  from space 14336K, 98% used [0x00000000f4280000,0x00000000f503d200,0x00000000f5080000)
  to   space 22016K, 0% used [0x00000000f5380000,0x00000000f5380000,0x00000000f6900000)
 ParOldGen       total 150528K, used 37992K [0x00000000c0000000, 0x00000000c9300000, 0x00000000eab00000)
  object space 150528K, 25% used [0x00000000c0000000,0x00000000c251a0c0,0x00000000c9300000)
 Metaspace       used 68491K, capacity 71776K, committed 72024K, reserved 1112064K
  class space    used 9194K, capacity 9829K, committed 9856K, reserved 1048576K
Event: 2549.065 GC heap after
Heap after GC invocations=17 (full 3):
 PSYoungGen      total 169984K, used 19673K [0x00000000eab00000, 0x00000000f8700000, 0x0000000100000000)
  eden space 147968K, 0% used [0x00000000eab00000,0x00000000eab00000,0x00000000f3b80000)
  from space 22016K, 89% used [0x00000000f5380000,0x00000000f66b65f0,0x00000000f6900000)
  to   space 24576K, 0% used [0x00000000f3b80000,0x00000000f3b80000,0x00000000f5380000)
 ParOldGen       total 150528K, used 38000K [0x00000000c0000000, 0x00000000c9300000, 0x00000000eab00000)
  object space 150528K, 25% used [0x00000000c0000000,0x00000000c251c0c0,0x00000000c9300000)
 Metaspace       used 68491K, capacity 71776K, committed 72024K, reserved 1112064K
  class space    used 9194K, capacity 9829K, committed 9856K, reserved 1048576K
}
Event: 2551.588 GC heap before
{Heap before GC invocations=18 (full 3):
 PSYoungGen      total 169984K, used 167641K [0x00000000eab00000, 0x00000000f8700000, 0x0000000100000000)
  eden space 147968K, 100% used [0x00000000eab00000,0x00000000f3b80000,0x00000000f3b80000)
  from space 22016K, 89% used [0x00000000f5380000,0x00000000f66b65f0,0x00000000f6900000)
  to   space 24576K, 0% used [0x00000000f3b80000,0x00000000f3b80000,0x00000000f5380000)
 ParOldGen       total 150528K, used 38000K [0x00000000c0000000, 0x00000000c9300000, 0x00000000eab00000)
  object space 150528K, 25% used [0x00000000c0000000,0x00000000c251c0c0,0x00000000c9300000)
 Metaspace       used 70760K, capacity 74206K, committed 74456K, reserved 1114112K
  class space    used 9470K, capacity 10142K, committed 10240K, reserved 1048576K
Event: 2551.610 GC heap after
Heap after GC invocations=18 (full 3):
 PSYoungGen      total 172544K, used 23323K [0x00000000eab00000, 0x00000000f8980000, 0x0000000100000000)
  eden space 147968K, 0% used [0x00000000eab00000,0x00000000eab00000,0x00000000f3b80000)
  from space 24576K, 94% used [0x00000000f3b80000,0x00000000f5246fc8,0x00000000f5380000)
  to   space 27648K, 0% used [0x00000000f6e80000,0x00000000f6e80000,0x00000000f8980000)
 ParOldGen       total 150528K, used 38008K [0x00000000c0000000, 0x00000000c9300000, 0x00000000eab00000)
  object space 150528K, 25% used [0x00000000c0000000,0x00000000c251e0c0,0x00000000c9300000)
 Metaspace       used 70760K, capacity 74206K, committed 74456K, reserved 1114112K
  class space    used 9470K, capacity 10142K, committed 10240K, reserved 1048576K
}
Event: 2553.047 GC heap before
{Heap before GC invocations=19 (full 3):
 PSYoungGen      total 172544K, used 171291K [0x00000000eab00000, 0x00000000f8980000, 0x0000000100000000)
  eden space 147968K, 100% used [0x00000000eab00000,0x00000000f3b80000,0x00000000f3b80000)
  from space 24576K, 94% used [0x00000000f3b80000,0x00000000f5246fc8,0x00000000f5380000)
  to   space 27648K, 0% used [0x00000000f6e80000,0x00000000f6e80000,0x00000000f8980000)
 ParOldGen       total 150528K, used 38008K [0x00000000c0000000, 0x00000000c9300000, 0x00000000eab00000)
  object space 150528K, 25% used [0x00000000c0000000,0x00000000c251e0c0,0x00000000c9300000)
 Metaspace       used 72334K, capacity 75898K, committed 76248K, reserved 1116160K
  class space    used 9683K, capacity 10370K, committed 10496K, reserved 1048576K
Event: 2553.082 GC heap after
Heap after GC invocations=19 (full 3):
 PSYoungGen      total 195584K, used 27641K [0x00000000eab00000, 0x00000000f9800000, 0x0000000100000000)
  eden space 167936K, 0% used [0x00000000eab00000,0x00000000eab00000,0x00000000f4f00000)
  from space 27648K, 99% used [0x00000000f6e80000,0x00000000f897e658,0x00000000f8980000)
  to   space 32256K, 0% used [0x00000000f4f00000,0x00000000f4f00000,0x00000000f6e80000)
 ParOldGen       total 150528K, used 40249K [0x00000000c0000000, 0x00000000c9300000, 0x00000000eab00000)
  object space 150528K, 26% used [0x00000000c0000000,0x00000000c274e6d0,0x00000000c9300000)
 Metaspace       used 72334K, capacity 75898K, committed 76248K, reserved 1116160K
  class space    used 9683K, capacity 10370K, committed 10496K, reserved 1048576K
}
Event: 2560.201 GC heap before
{Heap before GC invocations=20 (full 3):
 PSYoungGen      total 195584K, used 195577K [0x00000000eab00000, 0x00000000f9800000, 0x0000000100000000)
  eden space 167936K, 100% used [0x00000000eab00000,0x00000000f4f00000,0x00000000f4f00000)
  from space 27648K, 99% used [0x00000000f6e80000,0x00000000f897e658,0x00000000f8980000)
  to   space 32256K, 0% used [0x00000000f4f00000,0x00000000f4f00000,0x00000000f6e80000)
 ParOldGen       total 150528K, used 40249K [0x00000000c0000000, 0x00000000c9300000, 0x00000000eab00000)
  object space 150528K, 26% used [0x00000000c0000000,0x00000000c274e6d0,0x00000000c9300000)
 Metaspace       used 75666K, capacity 79446K, committed 79576K, reserved 1118208K
  class space    used 10056K, capacity 10744K, committed 10752K, reserved 1048576K
Event: 2560.231 GC heap after
Heap after GC invocations=20 (full 3):
 PSYoungGen      total 200192K, used 32238K [0x00000000eab00000, 0x00000000fb200000, 0x0000000100000000)
  eden space 167936K, 0% used [0x00000000eab00000,0x00000000eab00000,0x00000000f4f00000)
  from space 32256K, 99% used [0x00000000f4f00000,0x00000000f6e7bb98,0x00000000f6e80000)
  to   space 40448K, 0% used [0x00000000f8a80000,0x00000000f8a80000,0x00000000fb200000)
 ParOldGen       total 150528K, used 49149K [0x00000000c0000000, 0x00000000c9300000, 0x00000000eab00000)
  object space 150528K, 32% used [0x00000000c0000000,0x00000000c2fff5d0,0x00000000c9300000)
 Metaspace       used 75666K, capacity 79446K, committed 79576K, reserved 1118208K
  class space    used 10056K, capacity 10744K, committed 10752K, reserved 1048576K
}

