# JRE version: OpenJDK Runtime Environment (8.0_242-b01) (build 1.8.0_242-release-1644-b01)
# Java VM: OpenJDK 64-Bit Server VM (25.242-b01 mixed mode windows-amd64 compressed oops)
Heap:
 PSYoungGen      total 179712K, used 27218K [0x00000000d5580000, 0x00000000e4c80000, 0x0000000100000000)
  eden space 167936K, 9% used [0x00000000d5580000,0x00000000d649c9d0,0x00000000df980000)
  from space 11776K, 99% used [0x00000000df980000,0x00000000e04f8050,0x00000000e0500000)
  to   space 17920K, 0% used [0x00000000e3b00000,0x00000000e3b00000,0x00000000e4c80000)
 ParOldGen       total 79360K, used 30933K [0x0000000080000000, 0x0000000084d80000, 0x00000000d5580000)
  object space 79360K, 38% used [0x0000000080000000,0x0000000081e35788,0x0000000084d80000)
 Metaspace       used 52414K, capacity 54712K, committed 54912K, reserved 1097728K
  class space    used 7043K, capacity 7522K, committed 7552K, reserved 1048576K
GC Heap History (10 events):
Event: 5.555 GC heap before
{Heap before GC invocations=9 (full 1):
 PSYoungGen      total 76800K, used 65536K [0x00000000d5580000, 0x00000000dea80000, 0x0000000100000000)
  eden space 65536K, 100% used [0x00000000d5580000,0x00000000d9580000,0x00000000d9580000)
  from space 11264K, 0% used [0x00000000d9580000,0x00000000d9580000,0x00000000da080000)
  to   space 10752K, 0% used [0x00000000de000000,0x00000000de000000,0x00000000dea80000)
 ParOldGen       total 52224K, used 7865K [0x0000000080000000, 0x0000000083300000, 0x00000000d5580000)
  object space 52224K, 15% used [0x0000000080000000,0x00000000807ae768,0x0000000083300000)
 Metaspace       used 25616K, capacity 26634K, committed 26752K, reserved 1073152K
  class space    used 3666K, capacity 3929K, committed 3968K, reserved 1048576K
Event: 5.561 GC heap after
Heap after GC invocations=9 (full 1):
 PSYoungGen      total 122880K, used 6456K [0x00000000d5580000, 0x00000000de680000, 0x0000000100000000)
  eden space 116224K, 0% used [0x00000000d5580000,0x00000000d5580000,0x00000000dc700000)
  from space 6656K, 97% used [0x00000000de000000,0x00000000de64e290,0x00000000de680000)
  to   space 10240K, 0% used [0x00000000dd280000,0x00000000dd280000,0x00000000ddc80000)
 ParOldGen       total 52224K, used 7873K [0x0000000080000000, 0x0000000083300000, 0x00000000d5580000)
  object space 52224K, 15% used [0x0000000080000000,0x00000000807b0768,0x0000000083300000)
 Metaspace       used 25616K, capacity 26634K, committed 26752K, reserved 1073152K
  class space    used 3666K, capacity 3929K, committed 3968K, reserved 1048576K
}
Event: 6.616 GC heap before
{Heap before GC invocations=10 (full 1):
 PSYoungGen      total 122880K, used 100318K [0x00000000d5580000, 0x00000000de680000, 0x0000000100000000)
  eden space 116224K, 80% used [0x00000000d5580000,0x00000000db1295b0,0x00000000dc700000)
  from space 6656K, 97% used [0x00000000de000000,0x00000000de64e290,0x00000000de680000)
  to   space 10240K, 0% used [0x00000000dd280000,0x00000000dd280000,0x00000000ddc80000)
 ParOldGen       total 52224K, used 7873K [0x0000000080000000, 0x0000000083300000, 0x00000000d5580000)
  object space 52224K, 15% used [0x0000000080000000,0x00000000807b0768,0x0000000083300000)
 Metaspace       used 34160K, capacity 35354K, committed 35456K, reserved 1079296K
  class space    used 4660K, capacity 4926K, committed 4992K, reserved 1048576K
Event: 6.626 GC heap after
Heap after GC invocations=10 (full 1):
 PSYoungGen      total 138240K, used 10215K [0x00000000d5580000, 0x00000000e1100000, 0x0000000100000000)
  eden space 128000K, 0% used [0x00000000d5580000,0x00000000d5580000,0x00000000dd280000)
  from space 10240K, 99% used [0x00000000dd280000,0x00000000ddc79d70,0x00000000ddc80000)
  to   space 11776K, 0% used [0x00000000e0580000,0x00000000e0580000,0x00000000e1100000)
 ParOldGen       total 52224K, used 8966K [0x0000000080000000, 0x0000000083300000, 0x00000000d5580000)
  object space 52224K, 17% used [0x0000000080000000,0x00000000808c1af0,0x0000000083300000)
 Metaspace       used 34160K, capacity 35354K, committed 35456K, reserved 1079296K
  class space    used 4660K, capacity 4926K, committed 4992K, reserved 1048576K
}
Event: 6.626 GC heap before
{Heap before GC invocations=11 (full 2):
 PSYoungGen      total 138240K, used 10215K [0x00000000d5580000, 0x00000000e1100000, 0x0000000100000000)
  eden space 128000K, 0% used [0x00000000d5580000,0x00000000d5580000,0x00000000dd280000)
  from space 10240K, 99% used [0x00000000dd280000,0x00000000ddc79d70,0x00000000ddc80000)
  to   space 11776K, 0% used [0x00000000e0580000,0x00000000e0580000,0x00000000e1100000)
 ParOldGen       total 52224K, used 8966K [0x0000000080000000, 0x0000000083300000, 0x00000000d5580000)
  object space 52224K, 17% used [0x0000000080000000,0x00000000808c1af0,0x0000000083300000)
 Metaspace       used 34160K, capacity 35354K, committed 35456K, reserved 1079296K
  class space    used 4660K, capacity 4926K, committed 4992K, reserved 1048576K
Event: 6.665 GC heap after
Heap after GC invocations=11 (full 2):
 PSYoungGen      total 138240K, used 0K [0x00000000d5580000, 0x00000000e1100000, 0x0000000100000000)
  eden space 128000K, 0% used [0x00000000d5580000,0x00000000d5580000,0x00000000dd280000)
  from space 10240K, 0% used [0x00000000dd280000,0x00000000dd280000,0x00000000ddc80000)
  to   space 11776K, 0% used [0x00000000e0580000,0x00000000e0580000,0x00000000e1100000)
 ParOldGen       total 79360K, used 18218K [0x0000000080000000, 0x0000000084d80000, 0x00000000d5580000)
  object space 79360K, 22% used [0x0000000080000000,0x00000000811cab80,0x0000000084d80000)
 Metaspace       used 34160K, capacity 35354K, committed 35456K, reserved 1079296K
  class space    used 4660K, capacity 4926K, committed 4992K, reserved 1048576K
}
Event: 8.388 GC heap before
{Heap before GC invocations=12 (full 2):
 PSYoungGen      total 138240K, used 128000K [0x00000000d5580000, 0x00000000e1100000, 0x0000000100000000)
  eden space 128000K, 100% used [0x00000000d5580000,0x00000000dd280000,0x00000000dd280000)
  from space 10240K, 0% used [0x00000000dd280000,0x00000000dd280000,0x00000000ddc80000)
  to   space 11776K, 0% used [0x00000000e0580000,0x00000000e0580000,0x00000000e1100000)
 ParOldGen       total 79360K, used 18218K [0x0000000080000000, 0x0000000084d80000, 0x00000000d5580000)
  object space 79360K, 22% used [0x0000000080000000,0x00000000811cab80,0x0000000084d80000)
 Metaspace       used 37936K, capacity 39796K, committed 39936K, reserved 1083392K
  class space    used 5213K, capacity 5594K, committed 5632K, reserved 1048576K
Event: 8.397 GC heap after
Heap after GC invocations=12 (full 2):
 PSYoungGen      total 179200K, used 8354K [0x00000000d5580000, 0x00000000e1080000, 0x0000000100000000)
  eden space 167936K, 0% used [0x00000000d5580000,0x00000000d5580000,0x00000000df980000)
  from space 11264K, 74% used [0x00000000e0580000,0x00000000e0da8908,0x00000000e1080000)
  to   space 11776K, 0% used [0x00000000df980000,0x00000000df980000,0x00000000e0500000)
 ParOldGen       total 79360K, used 18226K [0x0000000080000000, 0x0000000084d80000, 0x00000000d5580000)
  object space 79360K, 22% used [0x0000000080000000,0x00000000811ccb80,0x0000000084d80000)
 Metaspace       used 37936K, capacity 39796K, committed 39936K, reserved 1083392K
  class space    used 5213K, capacity 5594K, committed 5632K, reserved 1048576K
}
Event: 10.826 GC heap before
{Heap before GC invocations=13 (full 2):
 PSYoungGen      total 179200K, used 176290K [0x00000000d5580000, 0x00000000e1080000, 0x0000000100000000)
  eden space 167936K, 100% used [0x00000000d5580000,0x00000000df980000,0x00000000df980000)
  from space 11264K, 74% used [0x00000000e0580000,0x00000000e0da8908,0x00000000e1080000)
  to   space 11776K, 0% used [0x00000000df980000,0x00000000df980000,0x00000000e0500000)
 ParOldGen       total 79360K, used 18226K [0x0000000080000000, 0x0000000084d80000, 0x00000000d5580000)
  object space 79360K, 22% used [0x0000000080000000,0x00000000811ccb80,0x0000000084d80000)
 Metaspace       used 51455K, capacity 53740K, committed 53760K, reserved 1095680K
  class space    used 6915K, capacity 7416K, committed 7424K, reserved 1048576K
Event: 10.844 GC heap after
Heap after GC invocations=13 (full 2):
 PSYoungGen      total 179712K, used 11744K [0x00000000d5580000, 0x00000000e4c80000, 0x0000000100000000)
  eden space 167936K, 0% used [0x00000000d5580000,0x00000000d5580000,0x00000000df980000)
  from space 11776K, 99% used [0x00000000df980000,0x00000000e04f8050,0x00000000e0500000)
  to   space 17920K, 0% used [0x00000000e3b00000,0x00000000e3b00000,0x00000000e4c80000)
 ParOldGen       total 79360K, used 30933K [0x0000000080000000, 0x0000000084d80000, 0x00000000d5580000)
  object space 79360K, 38% used [0x0000000080000000,0x0000000081e35788,0x0000000084d80000)
 Metaspace       used 51455K, capacity 53740K, committed 53760K, reserved 1095680K
  class space    used 6915K, capacity 7416K, committed 7424K, reserved 1048576K
}

