# JRE version: OpenJDK Runtime Environment (8.0_242-b01) (build 1.8.0_242-release-1644-b01)
# Java VM: OpenJDK 64-Bit Server VM (25.242-b01 mixed mode windows-amd64 compressed oops)
Heap:
 PSYoungGen      total 55808K, used 18975K [0x00000000d5580000, 0x00000000d9600000, 0x0000000100000000)
  eden space 45568K, 32% used [0x00000000d5580000,0x00000000d6414b80,0x00000000d8200000)
  from space 10240K, 39% used [0x00000000d8200000,0x00000000d85f3168,0x00000000d8c00000)
  to   space 9728K, 0% used [0x00000000d8c80000,0x00000000d8c80000,0x00000000d9600000)
 ParOldGen       total 54784K, used 13122K [0x0000000080000000, 0x0000000083580000, 0x00000000d5580000)
  object space 54784K, 23% used [0x0000000080000000,0x0000000080cd0a58,0x0000000083580000)
 Metaspace       used 34131K, capacity 35376K, committed 35456K, reserved 1079296K
  class space    used 4658K, capacity 4955K, committed 4992K, reserved 1048576K
GC Heap History (10 events):
Event: 7.815 GC heap before
{Heap before GC invocations=8 (full 1):
 PSYoungGen      total 43008K, used 5161K [0x00000000d5580000, 0x00000000d8a00000, 0x0000000100000000)
  eden space 32256K, 0% used [0x00000000d5580000,0x00000000d5580000,0x00000000d7500000)
  from space 10752K, 48% used [0x00000000d7500000,0x00000000d7a0a4e8,0x00000000d7f80000)
  to   space 10240K, 0% used [0x00000000d7f80000,0x00000000d7f80000,0x00000000d8980000)
 ParOldGen       total 87552K, used 9010K [0x0000000080000000, 0x0000000085580000, 0x00000000d5580000)
  object space 87552K, 10% used [0x0000000080000000,0x00000000808ccaa0,0x0000000085580000)
 Metaspace       used 20375K, capacity 21196K, committed 21296K, reserved 1067008K
  class space    used 2910K, capacity 3125K, committed 3200K, reserved 1048576K
Event: 7.851 GC heap after
Heap after GC invocations=8 (full 1):
 PSYoungGen      total 43008K, used 0K [0x00000000d5580000, 0x00000000d8a00000, 0x0000000100000000)
  eden space 32256K, 0% used [0x00000000d5580000,0x00000000d5580000,0x00000000d7500000)
  from space 10752K, 0% used [0x00000000d7500000,0x00000000d7500000,0x00000000d7f80000)
  to   space 10240K, 0% used [0x00000000d7f80000,0x00000000d7f80000,0x00000000d8980000)
 ParOldGen       total 54784K, used 8667K [0x0000000080000000, 0x0000000083580000, 0x00000000d5580000)
  object space 54784K, 15% used [0x0000000080000000,0x0000000080876d48,0x0000000083580000)
 Metaspace       used 20375K, capacity 21196K, committed 21296K, reserved 1067008K
  class space    used 2910K, capacity 3125K, committed 3200K, reserved 1048576K
}
Event: 8.335 GC heap before
{Heap before GC invocations=9 (full 1):
 PSYoungGen      total 43008K, used 32256K [0x00000000d5580000, 0x00000000d8a00000, 0x0000000100000000)
  eden space 32256K, 100% used [0x00000000d5580000,0x00000000d7500000,0x00000000d7500000)
  from space 10752K, 0% used [0x00000000d7500000,0x00000000d7500000,0x00000000d7f80000)
  to   space 10240K, 0% used [0x00000000d7f80000,0x00000000d7f80000,0x00000000d8980000)
 ParOldGen       total 54784K, used 8667K [0x0000000080000000, 0x0000000083580000, 0x00000000d5580000)
  object space 54784K, 15% used [0x0000000080000000,0x0000000080876d48,0x0000000083580000)
 Metaspace       used 22066K, capacity 23022K, committed 23168K, reserved 1069056K
  class space    used 3194K, capacity 3455K, committed 3456K, reserved 1048576K
Event: 8.339 GC heap after
Heap after GC invocations=9 (full 1):
 PSYoungGen      total 42496K, used 2560K [0x00000000d5580000, 0x00000000da100000, 0x0000000100000000)
  eden space 32256K, 0% used [0x00000000d5580000,0x00000000d5580000,0x00000000d7500000)
  from space 10240K, 25% used [0x00000000d7f80000,0x00000000d82003d0,0x00000000d8980000)
  to   space 10752K, 0% used [0x00000000d7500000,0x00000000d7500000,0x00000000d7f80000)
 ParOldGen       total 54784K, used 8675K [0x0000000080000000, 0x0000000083580000, 0x00000000d5580000)
  object space 54784K, 15% used [0x0000000080000000,0x0000000080878d48,0x0000000083580000)
 Metaspace       used 22066K, capacity 23022K, committed 23168K, reserved 1069056K
  class space    used 3194K, capacity 3455K, committed 3456K, reserved 1048576K
}
Event: 9.218 GC heap before
{Heap before GC invocations=10 (full 1):
 PSYoungGen      total 42496K, used 34816K [0x00000000d5580000, 0x00000000da100000, 0x0000000100000000)
  eden space 32256K, 100% used [0x00000000d5580000,0x00000000d7500000,0x00000000d7500000)
  from space 10240K, 25% used [0x00000000d7f80000,0x00000000d82003d0,0x00000000d8980000)
  to   space 10752K, 0% used [0x00000000d7500000,0x00000000d7500000,0x00000000d7f80000)
 ParOldGen       total 54784K, used 8675K [0x0000000080000000, 0x0000000083580000, 0x00000000d5580000)
  object space 54784K, 15% used [0x0000000080000000,0x0000000080878d48,0x0000000083580000)
 Metaspace       used 25553K, capacity 26570K, committed 26752K, reserved 1073152K
  class space    used 3666K, capacity 3929K, committed 3968K, reserved 1048576K
Event: 9.221 GC heap after
Heap after GC invocations=10 (full 1):
 PSYoungGen      total 43008K, used 4700K [0x00000000d5580000, 0x00000000d9700000, 0x0000000100000000)
  eden space 32256K, 0% used [0x00000000d5580000,0x00000000d5580000,0x00000000d7500000)
  from space 10752K, 43% used [0x00000000d7500000,0x00000000d7997238,0x00000000d7f80000)
  to   space 10752K, 0% used [0x00000000d8c80000,0x00000000d8c80000,0x00000000d9700000)
 ParOldGen       total 54784K, used 8683K [0x0000000080000000, 0x0000000083580000, 0x00000000d5580000)
  object space 54784K, 15% used [0x0000000080000000,0x000000008087ad48,0x0000000083580000)
 Metaspace       used 25553K, capacity 26570K, committed 26752K, reserved 1073152K
  class space    used 3666K, capacity 3929K, committed 3968K, reserved 1048576K
}
Event: 10.171 GC heap before
{Heap before GC invocations=11 (full 1):
 PSYoungGen      total 43008K, used 36956K [0x00000000d5580000, 0x00000000d9700000, 0x0000000100000000)
  eden space 32256K, 100% used [0x00000000d5580000,0x00000000d7500000,0x00000000d7500000)
  from space 10752K, 43% used [0x00000000d7500000,0x00000000d7997238,0x00000000d7f80000)
  to   space 10752K, 0% used [0x00000000d8c80000,0x00000000d8c80000,0x00000000d9700000)
 ParOldGen       total 54784K, used 8683K [0x0000000080000000, 0x0000000083580000, 0x00000000d5580000)
  object space 54784K, 15% used [0x0000000080000000,0x000000008087ad48,0x0000000083580000)
 Metaspace       used 30569K, capacity 31632K, committed 31872K, reserved 1077248K
  class space    used 4189K, capacity 4471K, committed 4480K, reserved 1048576K
Event: 10.178 GC heap after
Heap after GC invocations=11 (full 1):
 PSYoungGen      total 55296K, used 5755K [0x00000000d5580000, 0x00000000d9600000, 0x0000000100000000)
  eden space 45568K, 0% used [0x00000000d5580000,0x00000000d5580000,0x00000000d8200000)
  from space 9728K, 59% used [0x00000000d8c80000,0x00000000d921ee78,0x00000000d9600000)
  to   space 10240K, 0% used [0x00000000d8200000,0x00000000d8200000,0x00000000d8c00000)
 ParOldGen       total 54784K, used 9407K [0x0000000080000000, 0x0000000083580000, 0x00000000d5580000)
  object space 54784K, 17% used [0x0000000080000000,0x000000008092fe78,0x0000000083580000)
 Metaspace       used 30569K, capacity 31632K, committed 31872K, reserved 1077248K
  class space    used 4189K, capacity 4471K, committed 4480K, reserved 1048576K
}
Event: 10.922 GC heap before
{Heap before GC invocations=12 (full 1):
 PSYoungGen      total 55296K, used 51323K [0x00000000d5580000, 0x00000000d9600000, 0x0000000100000000)
  eden space 45568K, 100% used [0x00000000d5580000,0x00000000d8200000,0x00000000d8200000)
  from space 9728K, 59% used [0x00000000d8c80000,0x00000000d921ee78,0x00000000d9600000)
  to   space 10240K, 0% used [0x00000000d8200000,0x00000000d8200000,0x00000000d8c00000)
 ParOldGen       total 54784K, used 9407K [0x0000000080000000, 0x0000000083580000, 0x00000000d5580000)
  object space 54784K, 17% used [0x0000000080000000,0x000000008092fe78,0x0000000083580000)
 Metaspace       used 33364K, capacity 34564K, committed 34816K, reserved 1079296K
  class space    used 4539K, capacity 4816K, committed 4864K, reserved 1048576K
Event: 10.930 GC heap after
Heap after GC invocations=12 (full 1):
 PSYoungGen      total 55808K, used 4044K [0x00000000d5580000, 0x00000000d9600000, 0x0000000100000000)
  eden space 45568K, 0% used [0x00000000d5580000,0x00000000d5580000,0x00000000d8200000)
  from space 10240K, 39% used [0x00000000d8200000,0x00000000d85f3168,0x00000000d8c00000)
  to   space 9728K, 0% used [0x00000000d8c80000,0x00000000d8c80000,0x00000000d9600000)
 ParOldGen       total 54784K, used 13122K [0x0000000080000000, 0x0000000083580000, 0x00000000d5580000)
  object space 54784K, 23% used [0x0000000080000000,0x0000000080cd0a58,0x0000000083580000)
 Metaspace       used 33364K, capacity 34564K, committed 34816K, reserved 1079296K
  class space    used 4539K, capacity 4816K, committed 4864K, reserved 1048576K
}

